<?xml version="1.0" encoding="UTF-8"?>
<!-- Generated by org.testng.reporters.JUnitXMLReporter -->
<testsuite hostname="kates-air.internet" name="Regression1" tests="4" failures="0" timestamp="29 May 2015 16:57:33 GMT" time="25.61" errors="0">
  <testcase name="checkEmailTest" time="0.853" classname="ru.mail.tests.LoginTest"/>
  <testcase name="userShouldPassRegistrationSuccessfullyTest" time="7.172" classname="ru.mail.tests.RegistrationTest"/>
  <testcase name="successfulLoginTest" time="5.219" classname="ru.mail.tests.LoginTest"/>
  <testcase name="unsuccessfulLoginTest" time="3.065" classname="ru.mail.tests.LoginTest"/>
</testsuite> <!-- Regression1 -->
