<?xml version="1.0" encoding="UTF-8"?>
<!-- Generated by org.testng.reporters.JUnitXMLReporter -->
<testsuite hostname="kates-air" name="Regression1" tests="3" failures="0" timestamp="18 May 2015 16:16:26 GMT" time="26.586" errors="0">
  <testcase name="checkEmailTest" time="0.453" classname="ru.mail.tests.LoginTest"/>
  <testcase name="successfulLoginTest" time="9.149" classname="ru.mail.tests.LoginTest"/>
  <testcase name="unsuccessfulLoginTest" time="3.206" classname="ru.mail.tests.LoginTest"/>
</testsuite> <!-- Regression1 -->
