<?xml version="1.0" encoding="UTF-8"?>
<testng-results skipped="0" failed="1" total="4" passed="3">
  <reporter-output>
  </reporter-output>
  <suite name="TestSuite" duration-ms="19384" started-at="2015-05-25T16:38:12Z" finished-at="2015-05-25T16:38:32Z">
    <groups>
    </groups>
    <test name="Regression1" duration-ms="19384" started-at="2015-05-25T16:38:12Z" finished-at="2015-05-25T16:38:32Z">
      <class name="ru.mail.tests.LoginTest">
        <test-method status="PASS" signature="setUpClass()[pri:0, instance:ru.mail.tests.LoginTest@5a0deddc]" name="setUpClass" is-config="true" duration-ms="16" started-at="2015-05-25T19:38:12Z" finished-at="2015-05-25T19:38:12Z">
          <reporter-output>
          </reporter-output>
        </test-method> <!-- setUpClass -->
        <test-method status="PASS" signature="setUp()[pri:0, instance:ru.mail.tests.LoginTest@5a0deddc]" name="setUp" is-config="true" duration-ms="4386" started-at="2015-05-25T19:38:12Z" finished-at="2015-05-25T19:38:17Z">
          <reporter-output>
          </reporter-output>
        </test-method> <!-- setUp -->
        <test-method status="PASS" signature="checkEmailTest()[pri:0, instance:ru.mail.tests.LoginTest@5a0deddc]" name="checkEmailTest" duration-ms="573" started-at="2015-05-25T19:38:17Z" finished-at="2015-05-25T19:38:17Z">
          <reporter-output>
          </reporter-output>
        </test-method> <!-- checkEmailTest -->
        <test-method status="PASS" signature="tearDown()[pri:0, instance:ru.mail.tests.LoginTest@5a0deddc]" name="tearDown" is-config="true" duration-ms="562" started-at="2015-05-25T19:38:17Z" finished-at="2015-05-25T19:38:18Z">
          <reporter-output>
          </reporter-output>
        </test-method> <!-- tearDown -->
        <test-method status="PASS" signature="setUp()[pri:0, instance:ru.mail.tests.LoginTest@5a0deddc]" name="setUp" is-config="true" duration-ms="3320" started-at="2015-05-25T19:38:18Z" finished-at="2015-05-25T19:38:21Z">
          <reporter-output>
          </reporter-output>
        </test-method> <!-- setUp -->
        <test-method status="PASS" signature="successfulLoginTest()[pri:0, instance:ru.mail.tests.LoginTest@5a0deddc]" name="successfulLoginTest" duration-ms="4026" started-at="2015-05-25T19:38:21Z" finished-at="2015-05-25T19:38:25Z">
          <reporter-output>
          </reporter-output>
        </test-method> <!-- successfulLoginTest -->
        <test-method status="PASS" signature="tearDown()[pri:0, instance:ru.mail.tests.LoginTest@5a0deddc]" name="tearDown" is-config="true" duration-ms="564" started-at="2015-05-25T19:38:25Z" finished-at="2015-05-25T19:38:26Z">
          <reporter-output>
          </reporter-output>
        </test-method> <!-- tearDown -->
        <test-method status="PASS" signature="setUp()[pri:0, instance:ru.mail.tests.LoginTest@5a0deddc]" name="setUp" is-config="true" duration-ms="3055" started-at="2015-05-25T19:38:26Z" finished-at="2015-05-25T19:38:29Z">
          <reporter-output>
          </reporter-output>
        </test-method> <!-- setUp -->
        <test-method status="PASS" signature="unsuccessfulLoginTest()[pri:0, instance:ru.mail.tests.LoginTest@5a0deddc]" name="unsuccessfulLoginTest" duration-ms="2300" started-at="2015-05-25T19:38:29Z" finished-at="2015-05-25T19:38:31Z">
          <reporter-output>
          </reporter-output>
        </test-method> <!-- unsuccessfulLoginTest -->
        <test-method status="PASS" signature="tearDown()[pri:0, instance:ru.mail.tests.LoginTest@5a0deddc]" name="tearDown" is-config="true" duration-ms="563" started-at="2015-05-25T19:38:31Z" finished-at="2015-05-25T19:38:32Z">
          <reporter-output>
          </reporter-output>
        </test-method> <!-- tearDown -->
        <test-method status="PASS" signature="tearDownClass()[pri:0, instance:ru.mail.tests.LoginTest@5a0deddc]" name="tearDownClass" is-config="true" duration-ms="1" started-at="2015-05-25T19:38:32Z" finished-at="2015-05-25T19:38:32Z">
          <reporter-output>
          </reporter-output>
        </test-method> <!-- tearDownClass -->
      </class> <!-- ru.mail.tests.LoginTest -->
      <class name="ru.mail.tests.RegistrationTest">
        <test-method status="PASS" signature="setUpClass()[pri:0, instance:ru.mail.tests.RegistrationTest@289e84fd]" name="setUpClass" is-config="true" duration-ms="16" started-at="2015-05-25T19:38:12Z" finished-at="2015-05-25T19:38:12Z">
          <reporter-output>
          </reporter-output>
        </test-method> <!-- setUpClass -->
        <test-method status="PASS" signature="setUp()[pri:0, instance:ru.mail.tests.RegistrationTest@289e84fd]" name="setUp" is-config="true" duration-ms="4388" started-at="2015-05-25T19:38:12Z" finished-at="2015-05-25T19:38:17Z">
          <reporter-output>
          </reporter-output>
        </test-method> <!-- setUp -->
        <test-method status="FAIL" signature="userShouldPassRegistrationSuccessfullyTest()[pri:0, instance:ru.mail.tests.RegistrationTest@289e84fd]" name="userShouldPassRegistrationSuccessfullyTest" duration-ms="4806" started-at="2015-05-25T19:38:17Z" finished-at="2015-05-25T19:38:21Z">
          <exception class="org.openqa.selenium.WebDriverException">
            <message>
              <![CDATA[unknown error: Element is not clickable at point (448, 415). Other element would receive the click: <div class="div_title">...</div>
  (Session info: chrome=43.0.2357.81)
  (Driver info: chromedriver=2.15.322455 (ae8db840dac8d0c453355d3d922c91adfb61df8f),platform=Mac OS X 10.9.5 x86_64) (WARNING: The server did not provide any stacktrace information)
Command duration or timeout: 51 milliseconds
Build info: version: '2.45.0', revision: '5017cb8e7ca8e37638dc3091b2440b90a1d8686f', time: '2015-02-27 09:10:26'
System info: host: 'N/A', ip: 'N/A', os.name: 'Mac OS X', os.arch: 'x86_64', os.version: '10.9.5', java.version: '1.7.0_71'
Session ID: 71777245bc06c0bb93a3a021835de626
Driver info: org.openqa.selenium.chrome.ChromeDriver
Capabilities [{platform=MAC, acceptSslCerts=true, javascriptEnabled=true, browserName=chrome, chrome={userDataDir=/var/folders/lp/crxxngwn4yg20kwjyczr3_gc0000gn/T/.org.chromium.Chromium.6MTSQ0}, rotatable=false, locationContextEnabled=true, mobileEmulationEnabled=false, version=43.0.2357.81, takesHeapSnapshot=true, cssSelectorsEnabled=true, databaseEnabled=false, handlesAlerts=true, browserConnectionEnabled=false, webStorageEnabled=true, nativeEvents=true, applicationCacheEnabled=false, takesScreenshot=true}]]]>
            </message>
            <full-stacktrace>
              <![CDATA[org.openqa.selenium.WebDriverException: unknown error: Element is not clickable at point (448, 415). Other element would receive the click: <div class="div_title">...</div>
  (Session info: chrome=43.0.2357.81)
  (Driver info: chromedriver=2.15.322455 (ae8db840dac8d0c453355d3d922c91adfb61df8f),platform=Mac OS X 10.9.5 x86_64) (WARNING: The server did not provide any stacktrace information)
Command duration or timeout: 51 milliseconds
Build info: version: '2.45.0', revision: '5017cb8e7ca8e37638dc3091b2440b90a1d8686f', time: '2015-02-27 09:10:26'
System info: host: 'N/A', ip: 'N/A', os.name: 'Mac OS X', os.arch: 'x86_64', os.version: '10.9.5', java.version: '1.7.0_71'
Session ID: 71777245bc06c0bb93a3a021835de626
Driver info: org.openqa.selenium.chrome.ChromeDriver
Capabilities [{platform=MAC, acceptSslCerts=true, javascriptEnabled=true, browserName=chrome, chrome={userDataDir=/var/folders/lp/crxxngwn4yg20kwjyczr3_gc0000gn/T/.org.chromium.Chromium.6MTSQ0}, rotatable=false, locationContextEnabled=true, mobileEmulationEnabled=false, version=43.0.2357.81, takesHeapSnapshot=true, cssSelectorsEnabled=true, databaseEnabled=false, handlesAlerts=true, browserConnectionEnabled=false, webStorageEnabled=true, nativeEvents=true, applicationCacheEnabled=false, takesScreenshot=true}]
	at sun.reflect.NativeConstructorAccessorImpl.newInstance0(Native Method)
	at sun.reflect.NativeConstructorAccessorImpl.newInstance(NativeConstructorAccessorImpl.java:57)
	at sun.reflect.DelegatingConstructorAccessorImpl.newInstance(DelegatingConstructorAccessorImpl.java:45)
	at java.lang.reflect.Constructor.newInstance(Constructor.java:526)
	at org.openqa.selenium.remote.ErrorHandler.createThrowable(ErrorHandler.java:204)
	at org.openqa.selenium.remote.ErrorHandler.throwIfResponseFailed(ErrorHandler.java:156)
	at org.openqa.selenium.remote.RemoteWebDriver.execute(RemoteWebDriver.java:599)
	at org.openqa.selenium.remote.RemoteWebElement.execute(RemoteWebElement.java:268)
	at org.openqa.selenium.remote.RemoteWebElement.click(RemoteWebElement.java:79)
	at ru.mail.elements.InputField.click(InputField.java:17)
	at ru.mail.pages.RegistrationPage.fillRegistrationForm(RegistrationPage.java:34)
	at ru.mail.tests.RegistrationTest.userShouldPassRegistrationSuccessfullyTest(RegistrationTest.java:16)
	at sun.reflect.NativeMethodAccessorImpl.invoke0(Native Method)
	at sun.reflect.NativeMethodAccessorImpl.invoke(NativeMethodAccessorImpl.java:57)
	at sun.reflect.DelegatingMethodAccessorImpl.invoke(DelegatingMethodAccessorImpl.java:43)
	at java.lang.reflect.Method.invoke(Method.java:606)
	at org.testng.internal.MethodInvocationHelper.invokeMethod(MethodInvocationHelper.java:84)
	at org.testng.internal.Invoker.invokeMethod(Invoker.java:714)
	at org.testng.internal.Invoker.invokeTestMethod(Invoker.java:901)
	at org.testng.internal.Invoker.invokeTestMethods(Invoker.java:1231)
	at org.testng.internal.TestMethodWorker.invokeTestMethods(TestMethodWorker.java:127)
	at org.testng.internal.TestMethodWorker.run(TestMethodWorker.java:111)
	at java.util.concurrent.ThreadPoolExecutor.runWorker(ThreadPoolExecutor.java:1145)
	at java.util.concurrent.ThreadPoolExecutor$Worker.run(ThreadPoolExecutor.java:615)
	at java.lang.Thread.run(Thread.java:745)
]]>
            </full-stacktrace>
          </exception> <!-- org.openqa.selenium.WebDriverException -->
          <reporter-output>
          </reporter-output>
        </test-method> <!-- userShouldPassRegistrationSuccessfullyTest -->
        <test-method status="PASS" signature="tearDown()[pri:0, instance:ru.mail.tests.RegistrationTest@289e84fd]" name="tearDown" is-config="true" duration-ms="570" started-at="2015-05-25T19:38:21Z" finished-at="2015-05-25T19:38:22Z">
          <reporter-output>
          </reporter-output>
        </test-method> <!-- tearDown -->
        <test-method status="PASS" signature="tearDownClass()[pri:0, instance:ru.mail.tests.RegistrationTest@289e84fd]" name="tearDownClass" is-config="true" duration-ms="1" started-at="2015-05-25T19:38:22Z" finished-at="2015-05-25T19:38:22Z">
          <reporter-output>
          </reporter-output>
        </test-method> <!-- tearDownClass -->
      </class> <!-- ru.mail.tests.RegistrationTest -->
    </test> <!-- Regression1 -->
  </suite> <!-- TestSuite -->
</testng-results>
