<?xml version="1.0" encoding="UTF-8"?>
<testsuite name="TestSuite" time="7.27" tests="4" errors="0" skipped="0" failures="1">
  <properties>
[...]
</properties>
  <testcase name="checkEmailTest" classname="ru.mail.tests.LoginTest" time="0.572"/>
  <testcase name="userShouldPassRegistrationSuccessfullyTest" classname="ru.mail.tests.RegistrationTest" time="0.372">
    <failure message="unknown error: Element is not clickable at point (448, 415). Other element would receive the click: &lt;div class=&quot;div_title&quot;&gt;...&lt;/div&gt;&#10;  (Session info: chrome=43.0.2357.81)&#10;  (Driver info: chromedriver=2.15.322455 (ae8db840dac8d0c453355d3d922c91adfb61df8f),platform=Mac OS X 10.9.5 x86_64) (WARNING: The server did not provide any stacktrace information)&#10;Command duration or timeout: 51 milliseconds&#10;Build info: version: &apos;2.45.0&apos;, revision: &apos;5017cb8e7ca8e37638dc3091b2440b90a1d8686f&apos;, time: &apos;2015-02-27 09:10:26&apos;&#10;System info: host: &apos;N/A&apos;, ip: &apos;N/A&apos;, os.name: &apos;Mac OS X&apos;, os.arch: &apos;x86_64&apos;, os.version: &apos;10.9.5&apos;, java.version: &apos;1.7.0_71&apos;&#10;Session ID: 71777245bc06c0bb93a3a021835de626&#10;Driver info: org.openqa.selenium.chrome.ChromeDriver&#10;Capabilities [{platform=MAC, acceptSslCerts=true, javascriptEnabled=true, browserName=chrome, chrome={userDataDir=/var/folders/lp/crxxngwn4yg20kwjyczr3_gc0000gn/T/.org.chromium.Chromium.6MTSQ0}, rotatable=false, locationContextEnabled=true, mobileEmulationEnabled=false, version=43.0.2357.81, takesHeapSnapshot=true, cssSelectorsEnabled=true, databaseEnabled=false, handlesAlerts=true, browserConnectionEnabled=false, webStorageEnabled=true, nativeEvents=true, applicationCacheEnabled=false, takesScreenshot=true}]" type="org.openqa.selenium.WebDriverException"><![CDATA[org.openqa.selenium.WebDriverException: unknown error: Element is not clickable at point (448, 415). Other element would receive the click: <div class="div_title">...</div>
  (Session info: chrome=43.0.2357.81)
  (Driver info: chromedriver=2.15.322455 (ae8db840dac8d0c453355d3d922c91adfb61df8f),platform=Mac OS X 10.9.5 x86_64) (WARNING: The server did not provide any stacktrace information)
Command duration or timeout: 51 milliseconds
Build info: version: '2.45.0', revision: '5017cb8e7ca8e37638dc3091b2440b90a1d8686f', time: '2015-02-27 09:10:26'
System info: host: 'N/A', ip: 'N/A', os.name: 'Mac OS X', os.arch: 'x86_64', os.version: '10.9.5', java.version: '1.7.0_71'
Session ID: 71777245bc06c0bb93a3a021835de626
Driver info: org.openqa.selenium.chrome.ChromeDriver
Capabilities [{platform=MAC, acceptSslCerts=true, javascriptEnabled=true, browserName=chrome, chrome={userDataDir=/var/folders/lp/crxxngwn4yg20kwjyczr3_gc0000gn/T/.org.chromium.Chromium.6MTSQ0}, rotatable=false, locationContextEnabled=true, mobileEmulationEnabled=false, version=43.0.2357.81, takesHeapSnapshot=true, cssSelectorsEnabled=true, databaseEnabled=false, handlesAlerts=true, browserConnectionEnabled=false, webStorageEnabled=true, nativeEvents=true, applicationCacheEnabled=false, takesScreenshot=true}]
	at sun.reflect.NativeConstructorAccessorImpl.newInstance0(Native Method)
	at sun.reflect.NativeConstructorAccessorImpl.newInstance(NativeConstructorAccessorImpl.java:57)
	at sun.reflect.DelegatingConstructorAccessorImpl.newInstance(DelegatingConstructorAccessorImpl.java:45)
	at java.lang.reflect.Constructor.newInstance(Constructor.java:526)
	at org.openqa.selenium.remote.ErrorHandler.createThrowable(ErrorHandler.java:204)
	at org.openqa.selenium.remote.ErrorHandler.throwIfResponseFailed(ErrorHandler.java:156)
	at org.openqa.selenium.remote.RemoteWebDriver.execute(RemoteWebDriver.java:599)
	at org.openqa.selenium.remote.RemoteWebElement.execute(RemoteWebElement.java:268)
	at org.openqa.selenium.remote.RemoteWebElement.click(RemoteWebElement.java:79)
	at ru.mail.elements.InputField.click(InputField.java:17)
	at ru.mail.pages.RegistrationPage.fillRegistrationForm(RegistrationPage.java:34)
	at ru.mail.tests.RegistrationTest.userShouldPassRegistrationSuccessfullyTest(RegistrationTest.java:16)
]]></failure>
    <system-err><![CDATA[Starting ChromeDriver 2.15.322455 (ae8db840dac8d0c453355d3d922c91adfb61df8f) on port 25882
Only local connections are allowed.
]]></system-err>
  </testcase>
  <testcase name="successfulLoginTest" classname="ru.mail.tests.LoginTest" time="4.026"/>
  <testcase name="unsuccessfulLoginTest" classname="ru.mail.tests.LoginTest" time="2.3"/>
</testsuite>